生成启动时间为 3/29/2016 2:57:44 PM。
     1>项目“E:\study\testgit6\hello world\hello world\hello world.vcxproj”在节点 2 上(build 个目标)。
     1>PrepareForBuild:
         正在创建目录“E:\study\testgit6\hello world\Debug\”。
       InitializeBuildStatus:
         正在创建“Debug\hello world.unsuccessfulbuild”，因为已指定“AlwaysCreate”。
       ClCompile:
         D:\Program Files (x86)\Microsoft Visual Studio 10.0\VC\bin\CL.exe /c /ZI /nologo /W3 /WX- /Od /Oy- /D _MBCS /Gm /EHsc /RTC1 /MDd /GS /fp:precise /Zc:wchar_t /Zc:forScope /Fo"Debug\\" /Fd"Debug\vc100.pdb" /Gd /TP /analyze- /errorReport:prompt "hello world.cpp"
         hello world.cpp
       Link:
         D:\Program Files (x86)\Microsoft Visual Studio 10.0\VC\bin\link.exe /ERRORREPORT:PROMPT /OUT:"E:\study\testgit6\hello world\Debug\hello world.exe" /NOLOGO kernel32.lib user32.lib gdi32.lib winspool.lib comdlg32.lib advapi32.lib shell32.lib ole32.lib oleaut32.lib uuid.lib odbc32.lib odbccp32.lib /MANIFEST /ManifestFile:"Debug\hello world.exe.intermediate.manifest" /MANIFESTUAC:"level='asInvoker' uiAccess='false'" /DEBUG /PDB:"E:\study\testgit6\hello world\Debug\hello world.pdb" /TLBID:1 /DYNAMICBASE /NXCOMPAT /IMPLIB:"E:\study\testgit6\hello world\Debug\hello world.lib" /MACHINE:X86 "Debug\hello world.obj"
         hello world.vcxproj -> E:\study\testgit6\hello world\Debug\hello world.exe
       Manifest:
         C:\Program Files (x86)\Microsoft SDKs\Windows\v7.0A\bin\mt.exe /nologo /verbose /outputresource:"E:\study\testgit6\hello world\Debug\hello world.exe;#1" /manifest "Debug\hello world.exe.intermediate.manifest"
       FinalizeBuildStatus:
         正在删除文件“Debug\hello world.unsuccessfulbuild”。
         正在对“Debug\hello world.lastbuildstate”执行 Touch 任务。
     1>已完成生成项目“E:\study\testgit6\hello world\hello world\hello world.vcxproj”(build 个目标)的操作。

生成成功。

已用时间 00:00:00.96
